<?xml version="1.0" encoding="UTF-8"?>
<robot generator="Robot 3.2.2 (Python 3.7.0 on win32)" generated="20221125 18:07:53.463" rpa="false">
<suite id="s1" name="RobotProject1" source="C:\Users\dan.vincent.alcabaza\eclipse-workspace\RobotProject1">
<suite id="s1-s1" name="Test" source="C:\Users\dan.vincent.alcabaza\eclipse-workspace\RobotProject1\test">
<suite id="s1-s1-s1" name="TestSuite1" source="C:\Users\dan.vincent.alcabaza\eclipse-workspace\RobotProject1\test\TestSuite1.robot">
<kw name="Log" library="BuiltIn" type="setup">
<doc>Logs the given message with the given level.</doc>
<arguments>
<arg>LETS GOOOOOOO</arg>
</arguments>
<msg timestamp="20221125 18:07:54.014" level="INFO">LETS GOOOOOOO</msg>
<status status="PASS" starttime="20221125 18:07:53.987" endtime="20221125 18:07:54.014"></status>
</kw>
<test id="s1-s1-s1-t1" name="MyFirstTest">
<kw name="Log" library="BuiltIn" type="setup">
<doc>Logs the given message with the given level.</doc>
<arguments>
<arg>START</arg>
</arguments>
<msg timestamp="20221125 18:07:54.037" level="INFO">START</msg>
<status status="PASS" starttime="20221125 18:07:54.031" endtime="20221125 18:07:54.037"></status>
</kw>
<kw name="Log" library="BuiltIn">
<doc>Logs the given message with the given level.</doc>
<arguments>
<arg>FIRST</arg>
</arguments>
<msg timestamp="20221125 18:07:54.041" level="INFO">FIRST</msg>
<status status="PASS" starttime="20221125 18:07:54.038" endtime="20221125 18:07:54.041"></status>
</kw>
<kw name="Log" library="BuiltIn" type="teardown">
<doc>Logs the given message with the given level.</doc>
<arguments>
<arg>END</arg>
</arguments>
<msg timestamp="20221125 18:07:54.045" level="INFO">END</msg>
<status status="PASS" starttime="20221125 18:07:54.042" endtime="20221125 18:07:54.045"></status>
</kw>
<tags>
<tag>Fearless</tag>
<tag>SpeakNow</tag>
</tags>
<status status="PASS" starttime="20221125 18:07:54.030" endtime="20221125 18:07:54.046" critical="yes"></status>
</test>
<test id="s1-s1-s1-t2" name="MySecondTest">
<kw name="Log" library="BuiltIn" type="setup">
<doc>Logs the given message with the given level.</doc>
<arguments>
<arg>START</arg>
</arguments>
<msg timestamp="20221125 18:07:54.054" level="INFO">START</msg>
<status status="PASS" starttime="20221125 18:07:54.047" endtime="20221125 18:07:54.054"></status>
</kw>
<kw name="Log" library="BuiltIn">
<doc>Logs the given message with the given level.</doc>
<arguments>
<arg>SECOND</arg>
</arguments>
<msg timestamp="20221125 18:07:54.058" level="INFO">SECOND</msg>
<status status="PASS" starttime="20221125 18:07:54.054" endtime="20221125 18:07:54.058"></status>
</kw>
<kw name="Log" library="BuiltIn" type="teardown">
<doc>Logs the given message with the given level.</doc>
<arguments>
<arg>END</arg>
</arguments>
<msg timestamp="20221125 18:07:54.063" level="INFO">END</msg>
<status status="PASS" starttime="20221125 18:07:54.059" endtime="20221125 18:07:54.063"></status>
</kw>
<tags>
<tag>SpeakNow</tag>
</tags>
<status status="PASS" starttime="20221125 18:07:54.046" endtime="20221125 18:07:54.064" critical="yes"></status>
</test>
<test id="s1-s1-s1-t3" name="MyThirdTest">
<kw name="Log" library="BuiltIn" type="setup">
<doc>Logs the given message with the given level.</doc>
<arguments>
<arg>START</arg>
</arguments>
<msg timestamp="20221125 18:07:54.076" level="INFO">START</msg>
<status status="PASS" starttime="20221125 18:07:54.067" endtime="20221125 18:07:54.076"></status>
</kw>
<kw name="Log" library="BuiltIn">
<doc>Logs the given message with the given level.</doc>
<arguments>
<arg>THIRD</arg>
</arguments>
<msg timestamp="20221125 18:07:54.081" level="INFO">THIRD</msg>
<status status="PASS" starttime="20221125 18:07:54.077" endtime="20221125 18:07:54.081"></status>
</kw>
<kw name="Remove Tags" library="BuiltIn">
<doc>Removes given ``tags`` from the current test or all tests in a suite.</doc>
<arguments>
<arg>Debut</arg>
</arguments>
<msg timestamp="20221125 18:07:54.092" level="INFO">Removed tag 'Debut'.</msg>
<status status="PASS" starttime="20221125 18:07:54.082" endtime="20221125 18:07:54.093"></status>
</kw>
<kw name="Log" library="BuiltIn" type="teardown">
<doc>Logs the given message with the given level.</doc>
<arguments>
<arg>END</arg>
</arguments>
<msg timestamp="20221125 18:07:54.098" level="INFO">END</msg>
<status status="PASS" starttime="20221125 18:07:54.094" endtime="20221125 18:07:54.099"></status>
</kw>
<status status="PASS" starttime="20221125 18:07:54.065" endtime="20221125 18:07:54.100" critical="yes"></status>
</test>
<kw name="Log" library="BuiltIn" type="teardown">
<doc>Logs the given message with the given level.</doc>
<arguments>
<arg>FINALLYYYYYYYYYY</arg>
</arguments>
<msg timestamp="20221125 18:07:54.107" level="INFO">FINALLYYYYYYYYYY</msg>
<status status="PASS" starttime="20221125 18:07:54.101" endtime="20221125 18:07:54.107"></status>
</kw>
<status status="PASS" starttime="20221125 18:07:53.629" endtime="20221125 18:07:54.108"></status>
</suite>
<status status="PASS" starttime="20221125 18:07:53.626" endtime="20221125 18:07:54.110"></status>
</suite>
<status status="PASS" starttime="20221125 18:07:53.596" endtime="20221125 18:07:54.112"></status>
</suite>
<statistics>
<total>
<stat pass="3" fail="0">Critical Tests</stat>
<stat pass="3" fail="0">All Tests</stat>
</total>
<tag>
<stat pass="1" fail="0">Fearless</stat>
<stat pass="2" fail="0">SpeakNow</stat>
</tag>
<suite>
<stat pass="3" fail="0" id="s1" name="RobotProject1">RobotProject1</stat>
<stat pass="3" fail="0" id="s1-s1" name="Test">RobotProject1.Test</stat>
<stat pass="3" fail="0" id="s1-s1-s1" name="TestSuite1">RobotProject1.Test.TestSuite1</stat>
</suite>
</statistics>
<errors>
</errors>
</robot>
